<?xml version="1.0" encoding="UTF-8"?>
<!-- Generated by org.testng.reporters.JUnitReportReporter -->
<testsuite hostname="MANJUNATH" failures="0" tests="3" name="com.practiceExcicution.tescase.userTest" time="0.011" errors="0" timestamp="2022-12-09T12:01:10 IST" skipped="0">
  <testcase classname="com.practiceExcicution.tescase.userTest" name="test3" time="0.003"/>
  <system-out/>
  <testcase classname="com.practiceExcicution.tescase.userTest" name="test1" time="0.003"/>
  <system-out/>
  <testcase classname="com.practiceExcicution.tescase.userTest" name="test2" time="0.005"/>
  <system-out/>
</testsuite> <!-- com.practiceExcicution.tescase.userTest -->
