<?xml version="1.0" encoding="UTF-8"?>
<!-- Generated by org.testng.reporters.JUnitReportReporter -->
<testsuite hostname="MANJUNATH" failures="0" tests="10" name="com.pixated.testcase.GetdatafromfromusingArry" time="0.041" errors="0" timestamp="2022-12-06T18:01:37 IST" skipped="0">
  <testcase classname="com.pixated.testcase.GetdatafromfromusingArry" name="method" time="0.001"/>
  <system-out/>
  <testcase classname="com.pixated.testcase.GetdatafromfromusingArry" name="method" time="0.002"/>
  <system-out/>
  <testcase classname="com.pixated.testcase.GetdatafromfromusingArry" name="method" time="0.010"/>
  <system-out/>
  <testcase classname="com.pixated.testcase.GetdatafromfromusingArry" name="method" time="0.008"/>
  <system-out/>
  <testcase classname="com.pixated.testcase.GetdatafromfromusingArry" name="method" time="0.005"/>
  <system-out/>
  <testcase classname="com.pixated.testcase.GetdatafromfromusingArry" name="method" time="0.008"/>
  <system-out/>
  <testcase classname="com.pixated.testcase.GetdatafromfromusingArry" name="method" time="0.002"/>
  <system-out/>
  <testcase classname="com.pixated.testcase.GetdatafromfromusingArry" name="method" time="0.003"/>
  <system-out/>
  <testcase classname="com.pixated.testcase.GetdatafromfromusingArry" name="method" time="0.001"/>
  <system-out/>
  <testcase classname="com.pixated.testcase.GetdatafromfromusingArry" name="method" time="0.001"/>
  <system-out/>
</testsuite> <!-- com.pixated.testcase.GetdatafromfromusingArry -->
