<?xml version="1.0" encoding="UTF-8"?>
<!-- Generated by org.testng.reporters.JUnitReportReporter -->
<testsuite hostname="MANJUNATH" failures="0" tests="1" name="com.practiceExcicution.tescase.HomemoduleTEST" time="0.012" errors="0" timestamp="2022-12-09T12:01:10 IST" skipped="0">
  <testcase classname="com.practiceExcicution.tescase.HomemoduleTEST" name="test3" time="0.012"/>
  <system-out/>
</testsuite> <!-- com.practiceExcicution.tescase.HomemoduleTEST -->
