<?xml version="1.0" encoding="UTF-8"?>
<!-- Generated by org.testng.reporters.JUnitReportReporter -->
<testsuite hostname="MANJUNATH" failures="0" tests="3" name="com.practiceExcicution.tescase.PhotoTest" time="0.007" errors="0" timestamp="2022-12-09T12:01:10 IST" skipped="0">
  <testcase classname="com.practiceExcicution.tescase.PhotoTest" name="test3" time="0.002"/>
  <system-out/>
  <testcase classname="com.practiceExcicution.tescase.PhotoTest" name="test2" time="0.004"/>
  <system-out/>
  <testcase classname="com.practiceExcicution.tescase.PhotoTest" name="test1" time="0.001"/>
  <system-out/>
</testsuite> <!-- com.practiceExcicution.tescase.PhotoTest -->
